<?xml version="1.0" encoding="UTF-8"?>
<!-- Generated by org.testng.reporters.JUnitReportReporter -->
<testsuite skipped="0" hostname="BASKARAN" name="testcases.EditLeadTC" tests="1" failures="0" timestamp="2021-02-27T17:29:23 IST" time="37.836" errors="0">
  <testcase name="editLeadDetails" time="37.836" classname="testcases.EditLeadTC"/>
  <system-out/>
</testsuite> <!-- testcases.EditLeadTC -->
