<?xml version="1.0" encoding="UTF-8"?>
<!-- Generated by org.testng.reporters.JUnitReportReporter -->
<testsuite skipped="0" hostname="BASKARAN" name="testcases.CreateLeadTC" tests="1" failures="0" timestamp="2021-04-01T00:06:00 IST" time="52.525" errors="0">
  <testcase name="createNewLead" time="52.525" classname="testcases.CreateLeadTC"/>
  <system-out/>
</testsuite> <!-- testcases.CreateLeadTC -->
